<?xml version="1.0" encoding="UTF-8"?>
<!-- Generated by org.testng.reporters.JUnitReportReporter -->
<testsuite skipped="0" hostname="LAPTOP-5F10D1SQ" name="com.litecart.test.LoginTest" tests="1" failures="0" timestamp="02 Sep 2021 17:37:01 GMT" time="3.971" errors="0">
  <testcase name="validateSignIn" time="3.971" classname="com.litecart.test.LoginTest"/>
</testsuite> <!-- com.litecart.test.LoginTest -->
